2014-10-23 11:21:32 Error: [MissingControllerException] Controller class Index.ctpController could not be found.
Exception Attributes: array (
  'class' => 'Index.ctpController',
  'plugin' => NULL,
)
Request URL: /Assignment3/index.ctp
Stack Trace:
#0 /Users/welander/Documents/WORKSPACES/UNI_WORK/Assignment3/app/webroot/index.php(108): Dispatcher->dispatch(Object(CakeRequest), Object(CakeResponse))
#1 {main}
2014-10-23 11:21:43 Error: [MissingActionException] Action UsersController::login.ctp() could not be found.
Exception Attributes: array (
  'controller' => 'UsersController',
  'action' => 'login.ctp',
)
Request URL: /Assignment3/Users/login.ctp
Stack Trace:
#0 /Users/welander/Documents/WORKSPACES/UNI_WORK/Assignment3/lib/Cake/Routing/Dispatcher.php(191): Controller->invokeAction(Object(CakeRequest))
#1 /Users/welander/Documents/WORKSPACES/UNI_WORK/Assignment3/lib/Cake/Routing/Dispatcher.php(165): Dispatcher->_invoke(Object(UsersController), Object(CakeRequest))
#2 /Users/welander/Documents/WORKSPACES/UNI_WORK/Assignment3/app/webroot/index.php(108): Dispatcher->dispatch(Object(CakeRequest), Object(CakeResponse))
#3 {main}
2014-10-23 11:22:45 Error: [MissingActionException] Action UsersController::login.ctp() could not be found.
Exception Attributes: array (
  'controller' => 'UsersController',
  'action' => 'login.ctp',
)
Request URL: /Assignment3/Users/login.ctp
Stack Trace:
#0 /Users/welander/Documents/WORKSPACES/UNI_WORK/Assignment3/lib/Cake/Routing/Dispatcher.php(191): Controller->invokeAction(Object(CakeRequest))
#1 /Users/welander/Documents/WORKSPACES/UNI_WORK/Assignment3/lib/Cake/Routing/Dispatcher.php(165): Dispatcher->_invoke(Object(UsersController), Object(CakeRequest))
#2 /Users/welander/Documents/WORKSPACES/UNI_WORK/Assignment3/app/webroot/index.php(108): Dispatcher->dispatch(Object(CakeRequest), Object(CakeResponse))
#3 {main}
2014-10-23 11:25:42 Error: [MissingActionException] Action UsersController::login.ctp() could not be found.
Exception Attributes: array (
  'controller' => 'UsersController',
  'action' => 'login.ctp',
)
Request URL: /Assignment3/Users/login.ctp
Stack Trace:
#0 /Users/welander/Documents/WORKSPACES/UNI_WORK/Assignment3/lib/Cake/Routing/Dispatcher.php(191): Controller->invokeAction(Object(CakeRequest))
#1 /Users/welander/Documents/WORKSPACES/UNI_WORK/Assignment3/lib/Cake/Routing/Dispatcher.php(165): Dispatcher->_invoke(Object(UsersController), Object(CakeRequest))
#2 /Users/welander/Documents/WORKSPACES/UNI_WORK/Assignment3/app/webroot/index.php(108): Dispatcher->dispatch(Object(CakeRequest), Object(CakeResponse))
#3 {main}
2014-10-23 11:43:40 Error: [MissingActionException] Action UsersController::login.ctp() could not be found.
Exception Attributes: array (
  'controller' => 'UsersController',
  'action' => 'login.ctp',
)
Request URL: /Assignment3/Users/login.ctp
Stack Trace:
#0 /Users/welander/Documents/WORKSPACES/UNI_WORK/Assignment3/lib/Cake/Routing/Dispatcher.php(191): Controller->invokeAction(Object(CakeRequest))
#1 /Users/welander/Documents/WORKSPACES/UNI_WORK/Assignment3/lib/Cake/Routing/Dispatcher.php(165): Dispatcher->_invoke(Object(UsersController), Object(CakeRequest))
#2 /Users/welander/Documents/WORKSPACES/UNI_WORK/Assignment3/app/webroot/index.php(108): Dispatcher->dispatch(Object(CakeRequest), Object(CakeResponse))
#3 {main}
2014-10-23 13:17:44 Error: Fatal Error (1): Call to a member function find() on a non-object in [/Users/welander/Documents/WORKSPACES/UNI_WORK/Assignment3/app/Controller/GroupsController.php, line 68]
2014-10-23 13:17:44 Error: [FatalErrorException] Call to a member function find() on a non-object
Request URL: /Assignment3/groups/add
Stack Trace:
#0 /Users/welander/Documents/WORKSPACES/UNI_WORK/Assignment3/lib/Cake/Error/ErrorHandler.php(203): ErrorHandler::handleFatalError(1, 'Call to a membe...', '/Users/welander...', 68)
#1 [internal function]: ErrorHandler::handleError(1, 'Call to a membe...', '/Users/welander...', 68, Array)
#2 /Users/welander/Documents/WORKSPACES/UNI_WORK/Assignment3/lib/Cake/Core/App.php(931): call_user_func('ErrorHandler::h...', 1, 'Call to a membe...', '/Users/welander...', 68, Array)
#3 /Users/welander/Documents/WORKSPACES/UNI_WORK/Assignment3/lib/Cake/Core/App.php(904): App::_checkFatalError()
#4 [internal function]: App::shutdown()
#5 {main}
2014-10-23 13:17:49 Error: Fatal Error (1): Call to a member function find() on a non-object in [/Users/welander/Documents/WORKSPACES/UNI_WORK/Assignment3/app/Controller/GroupsController.php, line 68]
2014-10-23 13:17:49 Error: [FatalErrorException] Call to a member function find() on a non-object
Request URL: /Assignment3/Groups/add
Stack Trace:
#0 /Users/welander/Documents/WORKSPACES/UNI_WORK/Assignment3/lib/Cake/Error/ErrorHandler.php(203): ErrorHandler::handleFatalError(1, 'Call to a membe...', '/Users/welander...', 68)
#1 [internal function]: ErrorHandler::handleError(1, 'Call to a membe...', '/Users/welander...', 68, Array)
#2 /Users/welander/Documents/WORKSPACES/UNI_WORK/Assignment3/lib/Cake/Core/App.php(931): call_user_func('ErrorHandler::h...', 1, 'Call to a membe...', '/Users/welander...', 68, Array)
#3 /Users/welander/Documents/WORKSPACES/UNI_WORK/Assignment3/lib/Cake/Core/App.php(904): App::_checkFatalError()
#4 [internal function]: App::shutdown()
#5 {main}
2014-10-23 13:20:04 Error: Fatal Error (1): Call to a member function find() on a non-object in [/Users/welander/Documents/WORKSPACES/UNI_WORK/Assignment3/app/Controller/GroupsController.php, line 68]
2014-10-23 13:20:04 Error: [FatalErrorException] Call to a member function find() on a non-object
Request URL: /Assignment3/groups/add
Stack Trace:
#0 /Users/welander/Documents/WORKSPACES/UNI_WORK/Assignment3/lib/Cake/Error/ErrorHandler.php(203): ErrorHandler::handleFatalError(1, 'Call to a membe...', '/Users/welander...', 68)
#1 [internal function]: ErrorHandler::handleError(1, 'Call to a membe...', '/Users/welander...', 68, Array)
#2 /Users/welander/Documents/WORKSPACES/UNI_WORK/Assignment3/lib/Cake/Core/App.php(931): call_user_func('ErrorHandler::h...', 1, 'Call to a membe...', '/Users/welander...', 68, Array)
#3 /Users/welander/Documents/WORKSPACES/UNI_WORK/Assignment3/lib/Cake/Core/App.php(904): App::_checkFatalError()
#4 [internal function]: App::shutdown()
#5 {main}
2014-10-23 13:21:50 Error: Fatal Error (1): Call to a member function find() on a non-object in [/Users/welander/Documents/WORKSPACES/UNI_WORK/Assignment3/app/Controller/GroupsController.php, line 68]
2014-10-23 13:21:50 Error: [FatalErrorException] Call to a member function find() on a non-object
Request URL: /Assignment3/groups/add
Stack Trace:
#0 /Users/welander/Documents/WORKSPACES/UNI_WORK/Assignment3/lib/Cake/Error/ErrorHandler.php(203): ErrorHandler::handleFatalError(1, 'Call to a membe...', '/Users/welander...', 68)
#1 [internal function]: ErrorHandler::handleError(1, 'Call to a membe...', '/Users/welander...', 68, Array)
#2 /Users/welander/Documents/WORKSPACES/UNI_WORK/Assignment3/lib/Cake/Core/App.php(931): call_user_func('ErrorHandler::h...', 1, 'Call to a membe...', '/Users/welander...', 68, Array)
#3 /Users/welander/Documents/WORKSPACES/UNI_WORK/Assignment3/lib/Cake/Core/App.php(904): App::_checkFatalError()
#4 [internal function]: App::shutdown()
#5 {main}
2014-10-23 13:23:12 Error: [PDOException] SQLSTATE[23000]: Integrity constraint violation: 1062 Duplicate entry '0' for key 'PRIMARY'
Request URL: /Assignment3/groups/add
Stack Trace:
#0 /Users/welander/Documents/WORKSPACES/UNI_WORK/Assignment3/lib/Cake/Model/Datasource/DboSource.php(458): PDOStatement->execute(Array)
#1 /Users/welander/Documents/WORKSPACES/UNI_WORK/Assignment3/lib/Cake/Model/Datasource/DboSource.php(424): DboSource->_execute('INSERT INTO `as...', Array)
#2 /Users/welander/Documents/WORKSPACES/UNI_WORK/Assignment3/lib/Cake/Model/Datasource/DboSource.php(1012): DboSource->execute('INSERT INTO `as...')
#3 /Users/welander/Documents/WORKSPACES/UNI_WORK/Assignment3/lib/Cake/Model/Model.php(1854): DboSource->create(Object(Group), Array, Array)
#4 /Users/welander/Documents/WORKSPACES/UNI_WORK/Assignment3/app/Controller/GroupsController.php(61): Model->save(Array)
#5 [internal function]: GroupsController->add()
#6 /Users/welander/Documents/WORKSPACES/UNI_WORK/Assignment3/lib/Cake/Controller/Controller.php(490): ReflectionMethod->invokeArgs(Object(GroupsController), Array)
#7 /Users/welander/Documents/WORKSPACES/UNI_WORK/Assignment3/lib/Cake/Routing/Dispatcher.php(191): Controller->invokeAction(Object(CakeRequest))
#8 /Users/welander/Documents/WORKSPACES/UNI_WORK/Assignment3/lib/Cake/Routing/Dispatcher.php(165): Dispatcher->_invoke(Object(GroupsController), Object(CakeRequest))
#9 /Users/welander/Documents/WORKSPACES/UNI_WORK/Assignment3/app/webroot/index.php(108): Dispatcher->dispatch(Object(CakeRequest), Object(CakeResponse))
#10 {main}
2014-10-23 13:24:37 Error: [PDOException] SQLSTATE[23000]: Integrity constraint violation: 1062 Duplicate entry '0' for key 'PRIMARY'
Request URL: /Assignment3/groups/add
Stack Trace:
#0 /Users/welander/Documents/WORKSPACES/UNI_WORK/Assignment3/lib/Cake/Model/Datasource/DboSource.php(458): PDOStatement->execute(Array)
#1 /Users/welander/Documents/WORKSPACES/UNI_WORK/Assignment3/lib/Cake/Model/Datasource/DboSource.php(424): DboSource->_execute('INSERT INTO `as...', Array)
#2 /Users/welander/Documents/WORKSPACES/UNI_WORK/Assignment3/lib/Cake/Model/Datasource/DboSource.php(1012): DboSource->execute('INSERT INTO `as...')
#3 /Users/welander/Documents/WORKSPACES/UNI_WORK/Assignment3/lib/Cake/Model/Model.php(1854): DboSource->create(Object(Group), Array, Array)
#4 /Users/welander/Documents/WORKSPACES/UNI_WORK/Assignment3/app/Controller/GroupsController.php(61): Model->save(Array)
#5 [internal function]: GroupsController->add()
#6 /Users/welander/Documents/WORKSPACES/UNI_WORK/Assignment3/lib/Cake/Controller/Controller.php(490): ReflectionMethod->invokeArgs(Object(GroupsController), Array)
#7 /Users/welander/Documents/WORKSPACES/UNI_WORK/Assignment3/lib/Cake/Routing/Dispatcher.php(191): Controller->invokeAction(Object(CakeRequest))
#8 /Users/welander/Documents/WORKSPACES/UNI_WORK/Assignment3/lib/Cake/Routing/Dispatcher.php(165): Dispatcher->_invoke(Object(GroupsController), Object(CakeRequest))
#9 /Users/welander/Documents/WORKSPACES/UNI_WORK/Assignment3/app/webroot/index.php(108): Dispatcher->dispatch(Object(CakeRequest), Object(CakeResponse))
#10 {main}
2014-10-23 13:29:31 Error: [MissingTableException] Table aros for model Aro was not found in datasource default.
Exception Attributes: array (
  'table' => 'aros',
  'class' => 'Aro',
  'ds' => 'default',
)
Request URL: /Assignment3/groups/add
Stack Trace:
#0 /Users/welander/Documents/WORKSPACES/UNI_WORK/Assignment3/lib/Cake/Model/Model.php(3551): Model->setSource('aros')
#1 /Users/welander/Documents/WORKSPACES/UNI_WORK/Assignment3/lib/Cake/Model/Model.php(1369): Model->getDataSource()
#2 /Users/welander/Documents/WORKSPACES/UNI_WORK/Assignment3/lib/Cake/Model/Model.php(1553): Model->schema()
#3 /Users/welander/Documents/WORKSPACES/UNI_WORK/Assignment3/lib/Cake/Model/Behavior/AclBehavior.php(120): Model->create()
#4 [internal function]: AclBehavior->afterSave(Object(Group), true, Array)
#5 /Users/welander/Documents/WORKSPACES/UNI_WORK/Assignment3/lib/Cake/Utility/ObjectCollection.php(128): call_user_func_array(Array, Array)
#6 [internal function]: ObjectCollection->trigger(Object(CakeEvent))
#7 /Users/welander/Documents/WORKSPACES/UNI_WORK/Assignment3/lib/Cake/Event/CakeEventManager.php(242): call_user_func(Array, Object(CakeEvent))
#8 /Users/welander/Documents/WORKSPACES/UNI_WORK/Assignment3/lib/Cake/Model/Model.php(1883): CakeEventManager->dispatch(Object(CakeEvent))
#9 /Users/welander/Documents/WORKSPACES/UNI_WORK/Assignment3/app/Controller/GroupsController.php(61): Model->save(Array)
#10 [internal function]: GroupsController->add()
#11 /Users/welander/Documents/WORKSPACES/UNI_WORK/Assignment3/lib/Cake/Controller/Controller.php(490): ReflectionMethod->invokeArgs(Object(GroupsController), Array)
#12 /Users/welander/Documents/WORKSPACES/UNI_WORK/Assignment3/lib/Cake/Routing/Dispatcher.php(191): Controller->invokeAction(Object(CakeRequest))
#13 /Users/welander/Documents/WORKSPACES/UNI_WORK/Assignment3/lib/Cake/Routing/Dispatcher.php(165): Dispatcher->_invoke(Object(GroupsController), Object(CakeRequest))
#14 /Users/welander/Documents/WORKSPACES/UNI_WORK/Assignment3/app/webroot/index.php(108): Dispatcher->dispatch(Object(CakeRequest), Object(CakeResponse))
#15 {main}
2014-10-23 13:33:30 Error: [CakeException] AclNode::node() - Couldn't find Aro node identified by "Array
(
    [Aro0.model] => Group
    [Aro0.foreign_key] => 1
)
"
Request URL: /Assignment3/users/add
Stack Trace:
#0 /Users/welander/Documents/WORKSPACES/UNI_WORK/Assignment3/lib/Cake/Model/Behavior/AclBehavior.php(90): AclNode->node(Array)
#1 /Users/welander/Documents/WORKSPACES/UNI_WORK/Assignment3/lib/Cake/Model/Behavior/AclBehavior.php(109): AclBehavior->node(Object(User), Array, 'Aro')
#2 [internal function]: AclBehavior->afterSave(Object(User), true, Array)
#3 /Users/welander/Documents/WORKSPACES/UNI_WORK/Assignment3/lib/Cake/Utility/ObjectCollection.php(128): call_user_func_array(Array, Array)
#4 [internal function]: ObjectCollection->trigger(Object(CakeEvent))
#5 /Users/welander/Documents/WORKSPACES/UNI_WORK/Assignment3/lib/Cake/Event/CakeEventManager.php(242): call_user_func(Array, Object(CakeEvent))
#6 /Users/welander/Documents/WORKSPACES/UNI_WORK/Assignment3/lib/Cake/Model/Model.php(1883): CakeEventManager->dispatch(Object(CakeEvent))
#7 /Users/welander/Documents/WORKSPACES/UNI_WORK/Assignment3/app/Controller/UsersController.php(74): Model->save(Array)
#8 [internal function]: UsersController->add()
#9 /Users/welander/Documents/WORKSPACES/UNI_WORK/Assignment3/lib/Cake/Controller/Controller.php(490): ReflectionMethod->invokeArgs(Object(UsersController), Array)
#10 /Users/welander/Documents/WORKSPACES/UNI_WORK/Assignment3/lib/Cake/Routing/Dispatcher.php(191): Controller->invokeAction(Object(CakeRequest))
#11 /Users/welander/Documents/WORKSPACES/UNI_WORK/Assignment3/lib/Cake/Routing/Dispatcher.php(165): Dispatcher->_invoke(Object(UsersController), Object(CakeRequest))
#12 /Users/welander/Documents/WORKSPACES/UNI_WORK/Assignment3/app/webroot/index.php(108): Dispatcher->dispatch(Object(CakeRequest), Object(CakeResponse))
#13 {main}
2014-10-23 20:54:07 Error: [CakeException] AclNode::node() - Couldn't find Aro node identified by "Array
(
    [Aro0.model] => Group
    [Aro0.foreign_key] => 1
)
"
Request URL: /Assignment3/users/add
Stack Trace:
#0 /Users/welander/Documents/WORKSPACES/UNI_WORK/Assignment3/lib/Cake/Model/Behavior/AclBehavior.php(90): AclNode->node(Array)
#1 /Users/welander/Documents/WORKSPACES/UNI_WORK/Assignment3/lib/Cake/Model/Behavior/AclBehavior.php(109): AclBehavior->node(Object(User), Array, 'Aro')
#2 [internal function]: AclBehavior->afterSave(Object(User), true, Array)
#3 /Users/welander/Documents/WORKSPACES/UNI_WORK/Assignment3/lib/Cake/Utility/ObjectCollection.php(128): call_user_func_array(Array, Array)
#4 [internal function]: ObjectCollection->trigger(Object(CakeEvent))
#5 /Users/welander/Documents/WORKSPACES/UNI_WORK/Assignment3/lib/Cake/Event/CakeEventManager.php(242): call_user_func(Array, Object(CakeEvent))
#6 /Users/welander/Documents/WORKSPACES/UNI_WORK/Assignment3/lib/Cake/Model/Model.php(1883): CakeEventManager->dispatch(Object(CakeEvent))
#7 /Users/welander/Documents/WORKSPACES/UNI_WORK/Assignment3/app/Controller/UsersController.php(74): Model->save(Array)
#8 [internal function]: UsersController->add()
#9 /Users/welander/Documents/WORKSPACES/UNI_WORK/Assignment3/lib/Cake/Controller/Controller.php(490): ReflectionMethod->invokeArgs(Object(UsersController), Array)
#10 /Users/welander/Documents/WORKSPACES/UNI_WORK/Assignment3/lib/Cake/Routing/Dispatcher.php(191): Controller->invokeAction(Object(CakeRequest))
#11 /Users/welander/Documents/WORKSPACES/UNI_WORK/Assignment3/lib/Cake/Routing/Dispatcher.php(165): Dispatcher->_invoke(Object(UsersController), Object(CakeRequest))
#12 /Users/welander/Documents/WORKSPACES/UNI_WORK/Assignment3/app/webroot/index.php(108): Dispatcher->dispatch(Object(CakeRequest), Object(CakeResponse))
#13 {main}
2014-10-23 20:59:05 Error: [CakeException] AclNode::node() - Couldn't find Aro node identified by "Array
(
    [Aro0.model] => User
    [Aro0.foreign_key] => 2
)
"
Request URL: /Assignment3/users/delete/2
Stack Trace:
#0 /Users/welander/Documents/WORKSPACES/UNI_WORK/Assignment3/lib/Cake/Model/Behavior/AclBehavior.php(90): AclNode->node(Array)
#1 /Users/welander/Documents/WORKSPACES/UNI_WORK/Assignment3/lib/Cake/Model/Behavior/AclBehavior.php(137): AclBehavior->node(Object(User), NULL, 'Aro')
#2 [internal function]: AclBehavior->afterDelete(Object(User))
#3 /Users/welander/Documents/WORKSPACES/UNI_WORK/Assignment3/lib/Cake/Utility/ObjectCollection.php(128): call_user_func_array(Array, Array)
#4 [internal function]: ObjectCollection->trigger(Object(CakeEvent))
#5 /Users/welander/Documents/WORKSPACES/UNI_WORK/Assignment3/lib/Cake/Event/CakeEventManager.php(242): call_user_func(Array, Object(CakeEvent))
#6 /Users/welander/Documents/WORKSPACES/UNI_WORK/Assignment3/lib/Cake/Model/Model.php(2642): CakeEventManager->dispatch(Object(CakeEvent))
#7 /Users/welander/Documents/WORKSPACES/UNI_WORK/Assignment3/app/Controller/UsersController.php(124): Model->delete()
#8 [internal function]: UsersController->delete('2')
#9 /Users/welander/Documents/WORKSPACES/UNI_WORK/Assignment3/lib/Cake/Controller/Controller.php(490): ReflectionMethod->invokeArgs(Object(UsersController), Array)
#10 /Users/welander/Documents/WORKSPACES/UNI_WORK/Assignment3/lib/Cake/Routing/Dispatcher.php(191): Controller->invokeAction(Object(CakeRequest))
#11 /Users/welander/Documents/WORKSPACES/UNI_WORK/Assignment3/lib/Cake/Routing/Dispatcher.php(165): Dispatcher->_invoke(Object(UsersController), Object(CakeRequest))
#12 /Users/welander/Documents/WORKSPACES/UNI_WORK/Assignment3/app/webroot/index.php(108): Dispatcher->dispatch(Object(CakeRequest), Object(CakeResponse))
#13 {main}
2014-10-23 21:04:28 Error: [CakeException] AclNode::node() - Couldn't find Aro node identified by "Array
(
    [Aro0.model] => Group
    [Aro0.foreign_key] => 3
)
"
Request URL: /Assignment3/users/add
Stack Trace:
#0 /Users/welander/Documents/WORKSPACES/UNI_WORK/Assignment3/lib/Cake/Model/Behavior/AclBehavior.php(90): AclNode->node(Array)
#1 /Users/welander/Documents/WORKSPACES/UNI_WORK/Assignment3/lib/Cake/Model/Behavior/AclBehavior.php(109): AclBehavior->node(Object(User), Array, 'Aro')
#2 [internal function]: AclBehavior->afterSave(Object(User), true, Array)
#3 /Users/welander/Documents/WORKSPACES/UNI_WORK/Assignment3/lib/Cake/Utility/ObjectCollection.php(128): call_user_func_array(Array, Array)
#4 [internal function]: ObjectCollection->trigger(Object(CakeEvent))
#5 /Users/welander/Documents/WORKSPACES/UNI_WORK/Assignment3/lib/Cake/Event/CakeEventManager.php(242): call_user_func(Array, Object(CakeEvent))
#6 /Users/welander/Documents/WORKSPACES/UNI_WORK/Assignment3/lib/Cake/Model/Model.php(1883): CakeEventManager->dispatch(Object(CakeEvent))
#7 /Users/welander/Documents/WORKSPACES/UNI_WORK/Assignment3/app/Controller/UsersController.php(74): Model->save(Array)
#8 [internal function]: UsersController->add()
#9 /Users/welander/Documents/WORKSPACES/UNI_WORK/Assignment3/lib/Cake/Controller/Controller.php(490): ReflectionMethod->invokeArgs(Object(UsersController), Array)
#10 /Users/welander/Documents/WORKSPACES/UNI_WORK/Assignment3/lib/Cake/Routing/Dispatcher.php(191): Controller->invokeAction(Object(CakeRequest))
#11 /Users/welander/Documents/WORKSPACES/UNI_WORK/Assignment3/lib/Cake/Routing/Dispatcher.php(165): Dispatcher->_invoke(Object(UsersController), Object(CakeRequest))
#12 /Users/welander/Documents/WORKSPACES/UNI_WORK/Assignment3/app/webroot/index.php(108): Dispatcher->dispatch(Object(CakeRequest), Object(CakeResponse))
#13 {main}
2014-10-23 21:06:27 Error: [CakeException] AclNode::node() - Couldn't find Aro node identified by "Array
(
    [Aro0.model] => Group
    [Aro0.foreign_key] => 1
)
"
Request URL: /Assignment3/users/add
Stack Trace:
#0 /Users/welander/Documents/WORKSPACES/UNI_WORK/Assignment3/lib/Cake/Model/Behavior/AclBehavior.php(90): AclNode->node(Array)
#1 /Users/welander/Documents/WORKSPACES/UNI_WORK/Assignment3/lib/Cake/Model/Behavior/AclBehavior.php(109): AclBehavior->node(Object(User), Array, 'Aro')
#2 [internal function]: AclBehavior->afterSave(Object(User), true, Array)
#3 /Users/welander/Documents/WORKSPACES/UNI_WORK/Assignment3/lib/Cake/Utility/ObjectCollection.php(128): call_user_func_array(Array, Array)
#4 [internal function]: ObjectCollection->trigger(Object(CakeEvent))
#5 /Users/welander/Documents/WORKSPACES/UNI_WORK/Assignment3/lib/Cake/Event/CakeEventManager.php(242): call_user_func(Array, Object(CakeEvent))
#6 /Users/welander/Documents/WORKSPACES/UNI_WORK/Assignment3/lib/Cake/Model/Model.php(1883): CakeEventManager->dispatch(Object(CakeEvent))
#7 /Users/welander/Documents/WORKSPACES/UNI_WORK/Assignment3/app/Controller/UsersController.php(74): Model->save(Array)
#8 [internal function]: UsersController->add()
#9 /Users/welander/Documents/WORKSPACES/UNI_WORK/Assignment3/lib/Cake/Controller/Controller.php(490): ReflectionMethod->invokeArgs(Object(UsersController), Array)
#10 /Users/welander/Documents/WORKSPACES/UNI_WORK/Assignment3/lib/Cake/Routing/Dispatcher.php(191): Controller->invokeAction(Object(CakeRequest))
#11 /Users/welander/Documents/WORKSPACES/UNI_WORK/Assignment3/lib/Cake/Routing/Dispatcher.php(165): Dispatcher->_invoke(Object(UsersController), Object(CakeRequest))
#12 /Users/welander/Documents/WORKSPACES/UNI_WORK/Assignment3/app/webroot/index.php(108): Dispatcher->dispatch(Object(CakeRequest), Object(CakeResponse))
#13 {main}
2014-10-23 21:29:18 Error: [CakeException] AclNode::node() - Couldn't find Aro node identified by "Array
(
    [Aro0.model] => User
    [Aro0.foreign_key] => 4
)
"
Request URL: /Assignment3/users/delete/4
Stack Trace:
#0 /Users/welander/Documents/WORKSPACES/UNI_WORK/Assignment3/lib/Cake/Model/Behavior/AclBehavior.php(90): AclNode->node(Array)
#1 /Users/welander/Documents/WORKSPACES/UNI_WORK/Assignment3/lib/Cake/Model/Behavior/AclBehavior.php(137): AclBehavior->node(Object(User), NULL, 'Aro')
#2 [internal function]: AclBehavior->afterDelete(Object(User))
#3 /Users/welander/Documents/WORKSPACES/UNI_WORK/Assignment3/lib/Cake/Utility/ObjectCollection.php(128): call_user_func_array(Array, Array)
#4 [internal function]: ObjectCollection->trigger(Object(CakeEvent))
#5 /Users/welander/Documents/WORKSPACES/UNI_WORK/Assignment3/lib/Cake/Event/CakeEventManager.php(242): call_user_func(Array, Object(CakeEvent))
#6 /Users/welander/Documents/WORKSPACES/UNI_WORK/Assignment3/lib/Cake/Model/Model.php(2642): CakeEventManager->dispatch(Object(CakeEvent))
#7 /Users/welander/Documents/WORKSPACES/UNI_WORK/Assignment3/app/Controller/UsersController.php(124): Model->delete()
#8 [internal function]: UsersController->delete('4')
#9 /Users/welander/Documents/WORKSPACES/UNI_WORK/Assignment3/lib/Cake/Controller/Controller.php(490): ReflectionMethod->invokeArgs(Object(UsersController), Array)
#10 /Users/welander/Documents/WORKSPACES/UNI_WORK/Assignment3/lib/Cake/Routing/Dispatcher.php(191): Controller->invokeAction(Object(CakeRequest))
#11 /Users/welander/Documents/WORKSPACES/UNI_WORK/Assignment3/lib/Cake/Routing/Dispatcher.php(165): Dispatcher->_invoke(Object(UsersController), Object(CakeRequest))
#12 /Users/welander/Documents/WORKSPACES/UNI_WORK/Assignment3/app/webroot/index.php(108): Dispatcher->dispatch(Object(CakeRequest), Object(CakeResponse))
#13 {main}
2014-10-23 21:45:47 Error: [CakeException] AclNode::node() - Couldn't find Aro node identified by "Array
(
    [Aro0.model] => Group
    [Aro0.foreign_key] => 3
)
"
Request URL: /Assignment3/users/add
Stack Trace:
#0 /Users/welander/Documents/WORKSPACES/UNI_WORK/Assignment3/lib/Cake/Model/Behavior/AclBehavior.php(90): AclNode->node(Array)
#1 /Users/welander/Documents/WORKSPACES/UNI_WORK/Assignment3/lib/Cake/Model/Behavior/AclBehavior.php(109): AclBehavior->node(Object(User), Array, 'Aro')
#2 [internal function]: AclBehavior->afterSave(Object(User), true, Array)
#3 /Users/welander/Documents/WORKSPACES/UNI_WORK/Assignment3/lib/Cake/Utility/ObjectCollection.php(128): call_user_func_array(Array, Array)
#4 [internal function]: ObjectCollection->trigger(Object(CakeEvent))
#5 /Users/welander/Documents/WORKSPACES/UNI_WORK/Assignment3/lib/Cake/Event/CakeEventManager.php(242): call_user_func(Array, Object(CakeEvent))
#6 /Users/welander/Documents/WORKSPACES/UNI_WORK/Assignment3/lib/Cake/Model/Model.php(1883): CakeEventManager->dispatch(Object(CakeEvent))
#7 /Users/welander/Documents/WORKSPACES/UNI_WORK/Assignment3/app/Controller/UsersController.php(74): Model->save(Array)
#8 [internal function]: UsersController->add()
#9 /Users/welander/Documents/WORKSPACES/UNI_WORK/Assignment3/lib/Cake/Controller/Controller.php(490): ReflectionMethod->invokeArgs(Object(UsersController), Array)
#10 /Users/welander/Documents/WORKSPACES/UNI_WORK/Assignment3/lib/Cake/Routing/Dispatcher.php(191): Controller->invokeAction(Object(CakeRequest))
#11 /Users/welander/Documents/WORKSPACES/UNI_WORK/Assignment3/lib/Cake/Routing/Dispatcher.php(165): Dispatcher->_invoke(Object(UsersController), Object(CakeRequest))
#12 /Users/welander/Documents/WORKSPACES/UNI_WORK/Assignment3/app/webroot/index.php(108): Dispatcher->dispatch(Object(CakeRequest), Object(CakeResponse))
#13 {main}
2014-10-23 21:58:06 Error: [CakeException] AclNode::node() - Couldn't find Aro node identified by "Array
(
    [Aro0.model] => Group
    [Aro0.foreign_key] => 1
)
"
Request URL: /Assignment3/users/initdb
Stack Trace:
#0 /Users/welander/Documents/WORKSPACES/UNI_WORK/Assignment3/lib/Cake/Model/Permission.php(220): AclNode->node(Object(Group))
#1 /Users/welander/Documents/WORKSPACES/UNI_WORK/Assignment3/lib/Cake/Model/Permission.php(172): Permission->getAclLink(Object(Group), 'controllers')
#2 /Users/welander/Documents/WORKSPACES/UNI_WORK/Assignment3/lib/Cake/Controller/Component/Acl/DbAcl.php(88): Permission->allow(Object(Group), 'controllers', '*', 1)
#3 /Users/welander/Documents/WORKSPACES/UNI_WORK/Assignment3/lib/Cake/Controller/Component/AclComponent.php(123): DbAcl->allow(Object(Group), 'controllers', '*')
#4 /Users/welander/Documents/WORKSPACES/UNI_WORK/Assignment3/app/Controller/UsersController.php(31): AclComponent->allow(Object(Group), 'controllers')
#5 [internal function]: UsersController->initDB()
#6 /Users/welander/Documents/WORKSPACES/UNI_WORK/Assignment3/lib/Cake/Controller/Controller.php(490): ReflectionMethod->invokeArgs(Object(UsersController), Array)
#7 /Users/welander/Documents/WORKSPACES/UNI_WORK/Assignment3/lib/Cake/Routing/Dispatcher.php(191): Controller->invokeAction(Object(CakeRequest))
#8 /Users/welander/Documents/WORKSPACES/UNI_WORK/Assignment3/lib/Cake/Routing/Dispatcher.php(165): Dispatcher->_invoke(Object(UsersController), Object(CakeRequest))
#9 /Users/welander/Documents/WORKSPACES/UNI_WORK/Assignment3/app/webroot/index.php(108): Dispatcher->dispatch(Object(CakeRequest), Object(CakeResponse))
#10 {main}
2014-10-23 21:58:40 Error: [CakeException] AclNode::node() - Couldn't find Aro node identified by "Array
(
    [Aro0.model] => Group
    [Aro0.foreign_key] => 1
)
"
Request URL: /Assignment3/users/initdb
Stack Trace:
#0 /Users/welander/Documents/WORKSPACES/UNI_WORK/Assignment3/lib/Cake/Model/Permission.php(220): AclNode->node(Object(Group))
#1 /Users/welander/Documents/WORKSPACES/UNI_WORK/Assignment3/lib/Cake/Model/Permission.php(172): Permission->getAclLink(Object(Group), 'controllers')
#2 /Users/welander/Documents/WORKSPACES/UNI_WORK/Assignment3/lib/Cake/Controller/Component/Acl/DbAcl.php(88): Permission->allow(Object(Group), 'controllers', '*', 1)
#3 /Users/welander/Documents/WORKSPACES/UNI_WORK/Assignment3/lib/Cake/Controller/Component/AclComponent.php(123): DbAcl->allow(Object(Group), 'controllers', '*')
#4 /Users/welander/Documents/WORKSPACES/UNI_WORK/Assignment3/app/Controller/UsersController.php(31): AclComponent->allow(Object(Group), 'controllers')
#5 [internal function]: UsersController->initDB()
#6 /Users/welander/Documents/WORKSPACES/UNI_WORK/Assignment3/lib/Cake/Controller/Controller.php(490): ReflectionMethod->invokeArgs(Object(UsersController), Array)
#7 /Users/welander/Documents/WORKSPACES/UNI_WORK/Assignment3/lib/Cake/Routing/Dispatcher.php(191): Controller->invokeAction(Object(CakeRequest))
#8 /Users/welander/Documents/WORKSPACES/UNI_WORK/Assignment3/lib/Cake/Routing/Dispatcher.php(165): Dispatcher->_invoke(Object(UsersController), Object(CakeRequest))
#9 /Users/welander/Documents/WORKSPACES/UNI_WORK/Assignment3/app/webroot/index.php(108): Dispatcher->dispatch(Object(CakeRequest), Object(CakeResponse))
#10 {main}
2014-10-23 21:58:56 Error: [CakeException] AclNode::node() - Couldn't find Aro node identified by "Array
(
    [Aro0.model] => Group
    [Aro0.foreign_key] => 1
)
"
Request URL: /Assignment3/users/initDB
Stack Trace:
#0 /Users/welander/Documents/WORKSPACES/UNI_WORK/Assignment3/lib/Cake/Model/Permission.php(220): AclNode->node(Object(Group))
#1 /Users/welander/Documents/WORKSPACES/UNI_WORK/Assignment3/lib/Cake/Model/Permission.php(172): Permission->getAclLink(Object(Group), 'controllers')
#2 /Users/welander/Documents/WORKSPACES/UNI_WORK/Assignment3/lib/Cake/Controller/Component/Acl/DbAcl.php(88): Permission->allow(Object(Group), 'controllers', '*', 1)
#3 /Users/welander/Documents/WORKSPACES/UNI_WORK/Assignment3/lib/Cake/Controller/Component/AclComponent.php(123): DbAcl->allow(Object(Group), 'controllers', '*')
#4 /Users/welander/Documents/WORKSPACES/UNI_WORK/Assignment3/app/Controller/UsersController.php(31): AclComponent->allow(Object(Group), 'controllers')
#5 [internal function]: UsersController->initDB()
#6 /Users/welander/Documents/WORKSPACES/UNI_WORK/Assignment3/lib/Cake/Controller/Controller.php(490): ReflectionMethod->invokeArgs(Object(UsersController), Array)
#7 /Users/welander/Documents/WORKSPACES/UNI_WORK/Assignment3/lib/Cake/Routing/Dispatcher.php(191): Controller->invokeAction(Object(CakeRequest))
#8 /Users/welander/Documents/WORKSPACES/UNI_WORK/Assignment3/lib/Cake/Routing/Dispatcher.php(165): Dispatcher->_invoke(Object(UsersController), Object(CakeRequest))
#9 /Users/welander/Documents/WORKSPACES/UNI_WORK/Assignment3/app/webroot/index.php(108): Dispatcher->dispatch(Object(CakeRequest), Object(CakeResponse))
#10 {main}
2014-10-23 21:59:11 Error: [CakeException] AclNode::node() - Couldn't find Aro node identified by "Array
(
    [Aro0.model] => Group
    [Aro0.foreign_key] => 1
)
"
Request URL: /Assignment3/users/initdb
Stack Trace:
#0 /Users/welander/Documents/WORKSPACES/UNI_WORK/Assignment3/lib/Cake/Model/Permission.php(220): AclNode->node(Object(Group))
#1 /Users/welander/Documents/WORKSPACES/UNI_WORK/Assignment3/lib/Cake/Model/Permission.php(172): Permission->getAclLink(Object(Group), 'controllers')
#2 /Users/welander/Documents/WORKSPACES/UNI_WORK/Assignment3/lib/Cake/Controller/Component/Acl/DbAcl.php(88): Permission->allow(Object(Group), 'controllers', '*', 1)
#3 /Users/welander/Documents/WORKSPACES/UNI_WORK/Assignment3/lib/Cake/Controller/Component/AclComponent.php(123): DbAcl->allow(Object(Group), 'controllers', '*')
#4 /Users/welander/Documents/WORKSPACES/UNI_WORK/Assignment3/app/Controller/UsersController.php(31): AclComponent->allow(Object(Group), 'controllers')
#5 [internal function]: UsersController->initDB()
#6 /Users/welander/Documents/WORKSPACES/UNI_WORK/Assignment3/lib/Cake/Controller/Controller.php(490): ReflectionMethod->invokeArgs(Object(UsersController), Array)
#7 /Users/welander/Documents/WORKSPACES/UNI_WORK/Assignment3/lib/Cake/Routing/Dispatcher.php(191): Controller->invokeAction(Object(CakeRequest))
#8 /Users/welander/Documents/WORKSPACES/UNI_WORK/Assignment3/lib/Cake/Routing/Dispatcher.php(165): Dispatcher->_invoke(Object(UsersController), Object(CakeRequest))
#9 /Users/welander/Documents/WORKSPACES/UNI_WORK/Assignment3/app/webroot/index.php(108): Dispatcher->dispatch(Object(CakeRequest), Object(CakeResponse))
#10 {main}
2014-10-23 21:59:57 Error: [CakeException] AclNode::node() - Couldn't find Aro node identified by "Array
(
    [Aro0.model] => Group
    [Aro0.foreign_key] => 1
)
"
Request URL: /Assignment3/users/initdb
Stack Trace:
#0 /Users/welander/Documents/WORKSPACES/UNI_WORK/Assignment3/lib/Cake/Model/Permission.php(220): AclNode->node(Object(Group))
#1 /Users/welander/Documents/WORKSPACES/UNI_WORK/Assignment3/lib/Cake/Model/Permission.php(172): Permission->getAclLink(Object(Group), 'controllers')
#2 /Users/welander/Documents/WORKSPACES/UNI_WORK/Assignment3/lib/Cake/Controller/Component/Acl/DbAcl.php(88): Permission->allow(Object(Group), 'controllers', '*', 1)
#3 /Users/welander/Documents/WORKSPACES/UNI_WORK/Assignment3/lib/Cake/Controller/Component/AclComponent.php(123): DbAcl->allow(Object(Group), 'controllers', '*')
#4 /Users/welander/Documents/WORKSPACES/UNI_WORK/Assignment3/app/Controller/UsersController.php(31): AclComponent->allow(Object(Group), 'controllers')
#5 [internal function]: UsersController->initDB()
#6 /Users/welander/Documents/WORKSPACES/UNI_WORK/Assignment3/lib/Cake/Controller/Controller.php(490): ReflectionMethod->invokeArgs(Object(UsersController), Array)
#7 /Users/welander/Documents/WORKSPACES/UNI_WORK/Assignment3/lib/Cake/Routing/Dispatcher.php(191): Controller->invokeAction(Object(CakeRequest))
#8 /Users/welander/Documents/WORKSPACES/UNI_WORK/Assignment3/lib/Cake/Routing/Dispatcher.php(165): Dispatcher->_invoke(Object(UsersController), Object(CakeRequest))
#9 /Users/welander/Documents/WORKSPACES/UNI_WORK/Assignment3/app/webroot/index.php(108): Dispatcher->dispatch(Object(CakeRequest), Object(CakeResponse))
#10 {main}
2014-10-23 22:00:02 Error: [CakeException] AclNode::node() - Couldn't find Aro node identified by "Array
(
    [Aro0.model] => Group
    [Aro0.foreign_key] => 1
)
"
Request URL: /Assignment3/users/initDB
Stack Trace:
#0 /Users/welander/Documents/WORKSPACES/UNI_WORK/Assignment3/lib/Cake/Model/Permission.php(220): AclNode->node(Object(Group))
#1 /Users/welander/Documents/WORKSPACES/UNI_WORK/Assignment3/lib/Cake/Model/Permission.php(172): Permission->getAclLink(Object(Group), 'controllers')
#2 /Users/welander/Documents/WORKSPACES/UNI_WORK/Assignment3/lib/Cake/Controller/Component/Acl/DbAcl.php(88): Permission->allow(Object(Group), 'controllers', '*', 1)
#3 /Users/welander/Documents/WORKSPACES/UNI_WORK/Assignment3/lib/Cake/Controller/Component/AclComponent.php(123): DbAcl->allow(Object(Group), 'controllers', '*')
#4 /Users/welander/Documents/WORKSPACES/UNI_WORK/Assignment3/app/Controller/UsersController.php(31): AclComponent->allow(Object(Group), 'controllers')
#5 [internal function]: UsersController->initDB()
#6 /Users/welander/Documents/WORKSPACES/UNI_WORK/Assignment3/lib/Cake/Controller/Controller.php(490): ReflectionMethod->invokeArgs(Object(UsersController), Array)
#7 /Users/welander/Documents/WORKSPACES/UNI_WORK/Assignment3/lib/Cake/Routing/Dispatcher.php(191): Controller->invokeAction(Object(CakeRequest))
#8 /Users/welander/Documents/WORKSPACES/UNI_WORK/Assignment3/lib/Cake/Routing/Dispatcher.php(165): Dispatcher->_invoke(Object(UsersController), Object(CakeRequest))
#9 /Users/welander/Documents/WORKSPACES/UNI_WORK/Assignment3/app/webroot/index.php(108): Dispatcher->dispatch(Object(CakeRequest), Object(CakeResponse))
#10 {main}
2014-10-23 22:01:43 Error: [CakeException] AclNode::node() - Couldn't find Aro node identified by "Array
(
    [Aro0.model] => Group
    [Aro0.foreign_key] => 1
)
"
Request URL: /Assignment3/users/initDB
Stack Trace:
#0 /Users/welander/Documents/WORKSPACES/UNI_WORK/Assignment3/lib/Cake/Model/Permission.php(220): AclNode->node(Object(Group))
#1 /Users/welander/Documents/WORKSPACES/UNI_WORK/Assignment3/lib/Cake/Model/Permission.php(172): Permission->getAclLink(Object(Group), 'controllers')
#2 /Users/welander/Documents/WORKSPACES/UNI_WORK/Assignment3/lib/Cake/Controller/Component/Acl/DbAcl.php(88): Permission->allow(Object(Group), 'controllers', '*', 1)
#3 /Users/welander/Documents/WORKSPACES/UNI_WORK/Assignment3/lib/Cake/Controller/Component/AclComponent.php(123): DbAcl->allow(Object(Group), 'controllers', '*')
#4 /Users/welander/Documents/WORKSPACES/UNI_WORK/Assignment3/app/Controller/UsersController.php(31): AclComponent->allow(Object(Group), 'controllers')
#5 [internal function]: UsersController->initDB()
#6 /Users/welander/Documents/WORKSPACES/UNI_WORK/Assignment3/lib/Cake/Controller/Controller.php(490): ReflectionMethod->invokeArgs(Object(UsersController), Array)
#7 /Users/welander/Documents/WORKSPACES/UNI_WORK/Assignment3/lib/Cake/Routing/Dispatcher.php(191): Controller->invokeAction(Object(CakeRequest))
#8 /Users/welander/Documents/WORKSPACES/UNI_WORK/Assignment3/lib/Cake/Routing/Dispatcher.php(165): Dispatcher->_invoke(Object(UsersController), Object(CakeRequest))
#9 /Users/welander/Documents/WORKSPACES/UNI_WORK/Assignment3/app/webroot/index.php(108): Dispatcher->dispatch(Object(CakeRequest), Object(CakeResponse))
#10 {main}
2014-10-23 22:08:56 Error: [CakeException] AclNode::node() - Couldn't find Aro node identified by "Array
(
    [Aro0.model] => Group
    [Aro0.foreign_key] => 1
)
"
Request URL: /Assignment3/users/initdb
Stack Trace:
#0 /Users/welander/Documents/WORKSPACES/UNI_WORK/Assignment3/lib/Cake/Model/Permission.php(220): AclNode->node(Object(Group))
#1 /Users/welander/Documents/WORKSPACES/UNI_WORK/Assignment3/lib/Cake/Model/Permission.php(172): Permission->getAclLink(Object(Group), 'controllers')
#2 /Users/welander/Documents/WORKSPACES/UNI_WORK/Assignment3/lib/Cake/Controller/Component/Acl/DbAcl.php(88): Permission->allow(Object(Group), 'controllers', '*', 1)
#3 /Users/welander/Documents/WORKSPACES/UNI_WORK/Assignment3/lib/Cake/Controller/Component/AclComponent.php(123): DbAcl->allow(Object(Group), 'controllers', '*')
#4 /Users/welander/Documents/WORKSPACES/UNI_WORK/Assignment3/app/Controller/UsersController.php(31): AclComponent->allow(Object(Group), 'controllers')
#5 [internal function]: UsersController->initDB()
#6 /Users/welander/Documents/WORKSPACES/UNI_WORK/Assignment3/lib/Cake/Controller/Controller.php(490): ReflectionMethod->invokeArgs(Object(UsersController), Array)
#7 /Users/welander/Documents/WORKSPACES/UNI_WORK/Assignment3/lib/Cake/Routing/Dispatcher.php(191): Controller->invokeAction(Object(CakeRequest))
#8 /Users/welander/Documents/WORKSPACES/UNI_WORK/Assignment3/lib/Cake/Routing/Dispatcher.php(165): Dispatcher->_invoke(Object(UsersController), Object(CakeRequest))
#9 /Users/welander/Documents/WORKSPACES/UNI_WORK/Assignment3/app/webroot/index.php(108): Dispatcher->dispatch(Object(CakeRequest), Object(CakeResponse))
#10 {main}
2014-10-23 22:09:01 Error: [CakeException] AclNode::node() - Couldn't find Aro node identified by "Array
(
    [Aro0.model] => Group
    [Aro0.foreign_key] => 1
)
"
Request URL: /Assignment3/users/initDB
Stack Trace:
#0 /Users/welander/Documents/WORKSPACES/UNI_WORK/Assignment3/lib/Cake/Model/Permission.php(220): AclNode->node(Object(Group))
#1 /Users/welander/Documents/WORKSPACES/UNI_WORK/Assignment3/lib/Cake/Model/Permission.php(172): Permission->getAclLink(Object(Group), 'controllers')
#2 /Users/welander/Documents/WORKSPACES/UNI_WORK/Assignment3/lib/Cake/Controller/Component/Acl/DbAcl.php(88): Permission->allow(Object(Group), 'controllers', '*', 1)
#3 /Users/welander/Documents/WORKSPACES/UNI_WORK/Assignment3/lib/Cake/Controller/Component/AclComponent.php(123): DbAcl->allow(Object(Group), 'controllers', '*')
#4 /Users/welander/Documents/WORKSPACES/UNI_WORK/Assignment3/app/Controller/UsersController.php(31): AclComponent->allow(Object(Group), 'controllers')
#5 [internal function]: UsersController->initDB()
#6 /Users/welander/Documents/WORKSPACES/UNI_WORK/Assignment3/lib/Cake/Controller/Controller.php(490): ReflectionMethod->invokeArgs(Object(UsersController), Array)
#7 /Users/welander/Documents/WORKSPACES/UNI_WORK/Assignment3/lib/Cake/Routing/Dispatcher.php(191): Controller->invokeAction(Object(CakeRequest))
#8 /Users/welander/Documents/WORKSPACES/UNI_WORK/Assignment3/lib/Cake/Routing/Dispatcher.php(165): Dispatcher->_invoke(Object(UsersController), Object(CakeRequest))
#9 /Users/welander/Documents/WORKSPACES/UNI_WORK/Assignment3/app/webroot/index.php(108): Dispatcher->dispatch(Object(CakeRequest), Object(CakeResponse))
#10 {main}
2014-10-23 22:11:41 Error: [MissingControllerException] Controller class Assignment3Controller could not be found.
Exception Attributes: array (
  'class' => 'Assignment3Controller',
  'plugin' => NULL,
)
Request URL: /Assignment3/Assignment3/posts/add
Stack Trace:
#0 /Users/welander/Documents/WORKSPACES/UNI_WORK/Assignment3/app/webroot/index.php(108): Dispatcher->dispatch(Object(CakeRequest), Object(CakeResponse))
#1 {main}
2014-10-23 22:11:54 Error: [MissingControllerException] Controller class Assignment3Controller could not be found.
Exception Attributes: array (
  'class' => 'Assignment3Controller',
  'plugin' => NULL,
)
Request URL: /Assignment3/Assignment3/posts/add
Stack Trace:
#0 /Users/welander/Documents/WORKSPACES/UNI_WORK/Assignment3/app/webroot/index.php(108): Dispatcher->dispatch(Object(CakeRequest), Object(CakeResponse))
#1 {main}
2014-10-23 22:11:57 Error: [MissingControllerException] Controller class Assignment3Controller could not be found.
Exception Attributes: array (
  'class' => 'Assignment3Controller',
  'plugin' => NULL,
)
Request URL: /Assignment3/Assignment3/posts/add
Stack Trace:
#0 /Users/welander/Documents/WORKSPACES/UNI_WORK/Assignment3/app/webroot/index.php(108): Dispatcher->dispatch(Object(CakeRequest), Object(CakeResponse))
#1 {main}
2014-10-23 22:12:06 Error: [MissingControllerException] Controller class Assignment3Controller could not be found.
Exception Attributes: array (
  'class' => 'Assignment3Controller',
  'plugin' => NULL,
)
Request URL: /Assignment3/Assignment3/images
Stack Trace:
#0 /Users/welander/Documents/WORKSPACES/UNI_WORK/Assignment3/app/webroot/index.php(108): Dispatcher->dispatch(Object(CakeRequest), Object(CakeResponse))
#1 {main}
2014-10-23 22:12:12 Error: [MissingControllerException] Controller class Assignment3Controller could not be found.
Exception Attributes: array (
  'class' => 'Assignment3Controller',
  'plugin' => NULL,
)
Request URL: /Assignment3/Assignment3/Images
Stack Trace:
#0 /Users/welander/Documents/WORKSPACES/UNI_WORK/Assignment3/app/webroot/index.php(108): Dispatcher->dispatch(Object(CakeRequest), Object(CakeResponse))
#1 {main}
2014-10-23 22:13:11 Error: [MissingControllerException] Controller class Assignment3Controller could not be found.
Exception Attributes: array (
  'class' => 'Assignment3Controller',
  'plugin' => NULL,
)
Request URL: /Assignment3/Assignment3/Images
Stack Trace:
#0 /Users/welander/Documents/WORKSPACES/UNI_WORK/Assignment3/app/webroot/index.php(108): Dispatcher->dispatch(Object(CakeRequest), Object(CakeResponse))
#1 {main}
2014-10-23 22:13:21 Error: [MissingControllerException] Controller class Assignment3Controller could not be found.
Exception Attributes: array (
  'class' => 'Assignment3Controller',
  'plugin' => NULL,
)
Request URL: /Assignment3/Assignment3/images
Stack Trace:
#0 /Users/welander/Documents/WORKSPACES/UNI_WORK/Assignment3/app/webroot/index.php(108): Dispatcher->dispatch(Object(CakeRequest), Object(CakeResponse))
#1 {main}
2014-10-23 22:13:27 Error: [MissingControllerException] Controller class Assignment3Controller could not be found.
Exception Attributes: array (
  'class' => 'Assignment3Controller',
  'plugin' => NULL,
)
Request URL: /Assignment3/Assignment3/posts/add
Stack Trace:
#0 /Users/welander/Documents/WORKSPACES/UNI_WORK/Assignment3/app/webroot/index.php(108): Dispatcher->dispatch(Object(CakeRequest), Object(CakeResponse))
#1 {main}
2014-10-23 22:13:37 Error: [MissingControllerException] Controller class PostsController could not be found.
Exception Attributes: array (
  'class' => 'PostsController',
  'plugin' => NULL,
)
Request URL: /Assignment3/posts/add
Stack Trace:
#0 /Users/welander/Documents/WORKSPACES/UNI_WORK/Assignment3/app/webroot/index.php(108): Dispatcher->dispatch(Object(CakeRequest), Object(CakeResponse))
#1 {main}
2014-10-23 22:14:10 Error: [MissingControllerException] Controller class PostsController could not be found.
Exception Attributes: array (
  'class' => 'PostsController',
  'plugin' => NULL,
)
Request URL: /Assignment3/posts/add
Stack Trace:
#0 /Users/welander/Documents/WORKSPACES/UNI_WORK/Assignment3/app/webroot/index.php(108): Dispatcher->dispatch(Object(CakeRequest), Object(CakeResponse))
#1 {main}
2014-10-23 22:14:12 Error: [MissingControllerException] Controller class Assignment3Controller could not be found.
Exception Attributes: array (
  'class' => 'Assignment3Controller',
  'plugin' => NULL,
)
Request URL: /Assignment3/Assignment3/images
Stack Trace:
#0 /Users/welander/Documents/WORKSPACES/UNI_WORK/Assignment3/app/webroot/index.php(108): Dispatcher->dispatch(Object(CakeRequest), Object(CakeResponse))
#1 {main}
2014-10-23 22:14:48 Error: [MissingControllerException] Controller class Assignment3Controller could not be found.
Exception Attributes: array (
  'class' => 'Assignment3Controller',
  'plugin' => NULL,
)
Request URL: /Assignment3/Assignment3/images
Stack Trace:
#0 /Users/welander/Documents/WORKSPACES/UNI_WORK/Assignment3/app/webroot/index.php(108): Dispatcher->dispatch(Object(CakeRequest), Object(CakeResponse))
#1 {main}
2014-10-23 22:17:35 Error: [CakeException] AclNode::node() - Couldn't find Aro node identified by "Array
(
    [Aro0.model] => Group
    [Aro0.foreign_key] => 1
)
"
Request URL: /users/initDB
Stack Trace:
#0 /Users/welander/Documents/WORKSPACES/UNI_WORK/Assignment3/lib/Cake/Model/Permission.php(220): AclNode->node(Object(Group))
#1 /Users/welander/Documents/WORKSPACES/UNI_WORK/Assignment3/lib/Cake/Model/Permission.php(172): Permission->getAclLink(Object(Group), 'controllers')
#2 /Users/welander/Documents/WORKSPACES/UNI_WORK/Assignment3/lib/Cake/Controller/Component/Acl/DbAcl.php(88): Permission->allow(Object(Group), 'controllers', '*', 1)
#3 /Users/welander/Documents/WORKSPACES/UNI_WORK/Assignment3/lib/Cake/Controller/Component/AclComponent.php(123): DbAcl->allow(Object(Group), 'controllers', '*')
#4 /Users/welander/Documents/WORKSPACES/UNI_WORK/Assignment3/app/Controller/UsersController.php(31): AclComponent->allow(Object(Group), 'controllers')
#5 [internal function]: UsersController->initDB()
#6 /Users/welander/Documents/WORKSPACES/UNI_WORK/Assignment3/lib/Cake/Controller/Controller.php(490): ReflectionMethod->invokeArgs(Object(UsersController), Array)
#7 /Users/welander/Documents/WORKSPACES/UNI_WORK/Assignment3/lib/Cake/Routing/Dispatcher.php(191): Controller->invokeAction(Object(CakeRequest))
#8 /Users/welander/Documents/WORKSPACES/UNI_WORK/Assignment3/lib/Cake/Routing/Dispatcher.php(165): Dispatcher->_invoke(Object(UsersController), Object(CakeRequest))
#9 /Users/welander/Documents/WORKSPACES/UNI_WORK/Assignment3/app/webroot/index.php(108): Dispatcher->dispatch(Object(CakeRequest), Object(CakeResponse))
#10 {main}
2014-10-23 22:18:03 Error: [MissingControllerException] Controller class GroupController could not be found.
Exception Attributes: array (
  'class' => 'GroupController',
  'plugin' => NULL,
)
Request URL: /group
Stack Trace:
#0 /Users/welander/Documents/WORKSPACES/UNI_WORK/Assignment3/app/webroot/index.php(108): Dispatcher->dispatch(Object(CakeRequest), Object(CakeResponse))
#1 {main}
2014-10-23 22:18:33 Error: [CakeException] AclNode::node() - Couldn't find Aro node identified by "Array
(
    [Aro0.model] => Group
    [Aro0.foreign_key] => 1
)
"
Request URL: /users/initDB
Stack Trace:
#0 /Users/welander/Documents/WORKSPACES/UNI_WORK/Assignment3/lib/Cake/Model/Permission.php(220): AclNode->node(Object(Group))
#1 /Users/welander/Documents/WORKSPACES/UNI_WORK/Assignment3/lib/Cake/Model/Permission.php(172): Permission->getAclLink(Object(Group), 'controllers')
#2 /Users/welander/Documents/WORKSPACES/UNI_WORK/Assignment3/lib/Cake/Controller/Component/Acl/DbAcl.php(88): Permission->allow(Object(Group), 'controllers', '*', 1)
#3 /Users/welander/Documents/WORKSPACES/UNI_WORK/Assignment3/lib/Cake/Controller/Component/AclComponent.php(123): DbAcl->allow(Object(Group), 'controllers', '*')
#4 /Users/welander/Documents/WORKSPACES/UNI_WORK/Assignment3/app/Controller/UsersController.php(31): AclComponent->allow(Object(Group), 'controllers')
#5 [internal function]: UsersController->initDB()
#6 /Users/welander/Documents/WORKSPACES/UNI_WORK/Assignment3/lib/Cake/Controller/Controller.php(490): ReflectionMethod->invokeArgs(Object(UsersController), Array)
#7 /Users/welander/Documents/WORKSPACES/UNI_WORK/Assignment3/lib/Cake/Routing/Dispatcher.php(191): Controller->invokeAction(Object(CakeRequest))
#8 /Users/welander/Documents/WORKSPACES/UNI_WORK/Assignment3/lib/Cake/Routing/Dispatcher.php(165): Dispatcher->_invoke(Object(UsersController), Object(CakeRequest))
#9 /Users/welander/Documents/WORKSPACES/UNI_WORK/Assignment3/app/webroot/index.php(108): Dispatcher->dispatch(Object(CakeRequest), Object(CakeResponse))
#10 {main}
2014-10-23 22:21:12 Error: [CakeException] AclNode::node() - Couldn't find Aro node identified by "Array
(
    [Aro0.model] => Group
    [Aro0.foreign_key] => 1
)
"
Request URL: /users/initDB
Stack Trace:
#0 /Users/welander/Documents/WORKSPACES/UNI_WORK/Assignment3/lib/Cake/Model/Permission.php(220): AclNode->node(Object(Group))
#1 /Users/welander/Documents/WORKSPACES/UNI_WORK/Assignment3/lib/Cake/Model/Permission.php(172): Permission->getAclLink(Object(Group), 'controllers')
#2 /Users/welander/Documents/WORKSPACES/UNI_WORK/Assignment3/lib/Cake/Controller/Component/Acl/DbAcl.php(88): Permission->allow(Object(Group), 'controllers', '*', 1)
#3 /Users/welander/Documents/WORKSPACES/UNI_WORK/Assignment3/lib/Cake/Controller/Component/AclComponent.php(123): DbAcl->allow(Object(Group), 'controllers', '*')
#4 /Users/welander/Documents/WORKSPACES/UNI_WORK/Assignment3/app/Controller/UsersController.php(31): AclComponent->allow(Object(Group), 'controllers')
#5 [internal function]: UsersController->initDB()
#6 /Users/welander/Documents/WORKSPACES/UNI_WORK/Assignment3/lib/Cake/Controller/Controller.php(490): ReflectionMethod->invokeArgs(Object(UsersController), Array)
#7 /Users/welander/Documents/WORKSPACES/UNI_WORK/Assignment3/lib/Cake/Routing/Dispatcher.php(191): Controller->invokeAction(Object(CakeRequest))
#8 /Users/welander/Documents/WORKSPACES/UNI_WORK/Assignment3/lib/Cake/Routing/Dispatcher.php(165): Dispatcher->_invoke(Object(UsersController), Object(CakeRequest))
#9 /Users/welander/Documents/WORKSPACES/UNI_WORK/Assignment3/app/webroot/index.php(108): Dispatcher->dispatch(Object(CakeRequest), Object(CakeResponse))
#10 {main}
2014-10-23 22:23:18 Error: [MissingViewException] View file "/Users/welander/Documents/WORKSPACES/UNI_WORK/Assignment3/app/View/Users/logout.ctp" is missing.
Exception Attributes: array (
  'file' => '/Users/welander/Documents/WORKSPACES/UNI_WORK/Assignment3/app/View/Users/logout.ctp',
)
Request URL: /users/logout
Stack Trace:
#0 /Users/welander/Documents/WORKSPACES/UNI_WORK/Assignment3/lib/Cake/View/View.php(468): View->_getViewFileName(NULL)
#1 /Users/welander/Documents/WORKSPACES/UNI_WORK/Assignment3/lib/Cake/Controller/Controller.php(954): View->render(NULL, NULL)
#2 /Users/welander/Documents/WORKSPACES/UNI_WORK/Assignment3/lib/Cake/Routing/Dispatcher.php(198): Controller->render()
#3 /Users/welander/Documents/WORKSPACES/UNI_WORK/Assignment3/lib/Cake/Routing/Dispatcher.php(165): Dispatcher->_invoke(Object(UsersController), Object(CakeRequest))
#4 /Users/welander/Documents/WORKSPACES/UNI_WORK/Assignment3/app/webroot/index.php(108): Dispatcher->dispatch(Object(CakeRequest), Object(CakeResponse))
#5 {main}
2014-10-23 22:24:01 Error: [CakeException] AclNode::node() - Couldn't find Aro node identified by "Array
(
    [Aro0.model] => Group
    [Aro0.foreign_key] => 1
)
"
Request URL: /users/initDB
Stack Trace:
#0 /Users/welander/Documents/WORKSPACES/UNI_WORK/Assignment3/lib/Cake/Model/Permission.php(220): AclNode->node(Object(Group))
#1 /Users/welander/Documents/WORKSPACES/UNI_WORK/Assignment3/lib/Cake/Model/Permission.php(172): Permission->getAclLink(Object(Group), 'controllers')
#2 /Users/welander/Documents/WORKSPACES/UNI_WORK/Assignment3/lib/Cake/Controller/Component/Acl/DbAcl.php(88): Permission->allow(Object(Group), 'controllers', '*', 1)
#3 /Users/welander/Documents/WORKSPACES/UNI_WORK/Assignment3/lib/Cake/Controller/Component/AclComponent.php(123): DbAcl->allow(Object(Group), 'controllers', '*')
#4 /Users/welander/Documents/WORKSPACES/UNI_WORK/Assignment3/app/Controller/UsersController.php(31): AclComponent->allow(Object(Group), 'controllers')
#5 [internal function]: UsersController->initDB()
#6 /Users/welander/Documents/WORKSPACES/UNI_WORK/Assignment3/lib/Cake/Controller/Controller.php(490): ReflectionMethod->invokeArgs(Object(UsersController), Array)
#7 /Users/welander/Documents/WORKSPACES/UNI_WORK/Assignment3/lib/Cake/Routing/Dispatcher.php(191): Controller->invokeAction(Object(CakeRequest))
#8 /Users/welander/Documents/WORKSPACES/UNI_WORK/Assignment3/lib/Cake/Routing/Dispatcher.php(165): Dispatcher->_invoke(Object(UsersController), Object(CakeRequest))
#9 /Users/welander/Documents/WORKSPACES/UNI_WORK/Assignment3/app/webroot/index.php(108): Dispatcher->dispatch(Object(CakeRequest), Object(CakeResponse))
#10 {main}
2014-10-23 22:24:05 Error: [MissingActionException] Action UsersController::init_db() could not be found.
Exception Attributes: array (
  'controller' => 'UsersController',
  'action' => 'init_db',
)
Request URL: /users/init_db
Stack Trace:
#0 /Users/welander/Documents/WORKSPACES/UNI_WORK/Assignment3/lib/Cake/Routing/Dispatcher.php(191): Controller->invokeAction(Object(CakeRequest))
#1 /Users/welander/Documents/WORKSPACES/UNI_WORK/Assignment3/lib/Cake/Routing/Dispatcher.php(165): Dispatcher->_invoke(Object(UsersController), Object(CakeRequest))
#2 /Users/welander/Documents/WORKSPACES/UNI_WORK/Assignment3/app/webroot/index.php(108): Dispatcher->dispatch(Object(CakeRequest), Object(CakeResponse))
#3 {main}
2014-10-23 22:24:10 Error: [CakeException] AclNode::node() - Couldn't find Aro node identified by "Array
(
    [Aro0.model] => Group
    [Aro0.foreign_key] => 1
)
"
Request URL: /users/initdb
Stack Trace:
#0 /Users/welander/Documents/WORKSPACES/UNI_WORK/Assignment3/lib/Cake/Model/Permission.php(220): AclNode->node(Object(Group))
#1 /Users/welander/Documents/WORKSPACES/UNI_WORK/Assignment3/lib/Cake/Model/Permission.php(172): Permission->getAclLink(Object(Group), 'controllers')
#2 /Users/welander/Documents/WORKSPACES/UNI_WORK/Assignment3/lib/Cake/Controller/Component/Acl/DbAcl.php(88): Permission->allow(Object(Group), 'controllers', '*', 1)
#3 /Users/welander/Documents/WORKSPACES/UNI_WORK/Assignment3/lib/Cake/Controller/Component/AclComponent.php(123): DbAcl->allow(Object(Group), 'controllers', '*')
#4 /Users/welander/Documents/WORKSPACES/UNI_WORK/Assignment3/app/Controller/UsersController.php(31): AclComponent->allow(Object(Group), 'controllers')
#5 [internal function]: UsersController->initDB()
#6 /Users/welander/Documents/WORKSPACES/UNI_WORK/Assignment3/lib/Cake/Controller/Controller.php(490): ReflectionMethod->invokeArgs(Object(UsersController), Array)
#7 /Users/welander/Documents/WORKSPACES/UNI_WORK/Assignment3/lib/Cake/Routing/Dispatcher.php(191): Controller->invokeAction(Object(CakeRequest))
#8 /Users/welander/Documents/WORKSPACES/UNI_WORK/Assignment3/lib/Cake/Routing/Dispatcher.php(165): Dispatcher->_invoke(Object(UsersController), Object(CakeRequest))
#9 /Users/welander/Documents/WORKSPACES/UNI_WORK/Assignment3/app/webroot/index.php(108): Dispatcher->dispatch(Object(CakeRequest), Object(CakeResponse))
#10 {main}
2014-10-23 22:42:56 Error: Fatal Error (1): Call to a member function find() on a non-object in [/Users/welander/Documents/WORKSPACES/UNI_WORK/Assignment3/app/Controller/ImagesController.php, line 62]
2014-10-23 22:42:56 Error: [FatalErrorException] Call to a member function find() on a non-object
Request URL: /images/add
Stack Trace:
#0 /Users/welander/Documents/WORKSPACES/UNI_WORK/Assignment3/lib/Cake/Error/ErrorHandler.php(203): ErrorHandler::handleFatalError(1, 'Call to a membe...', '/Users/welander...', 62)
#1 [internal function]: ErrorHandler::handleError(1, 'Call to a membe...', '/Users/welander...', 62, Array)
#2 /Users/welander/Documents/WORKSPACES/UNI_WORK/Assignment3/lib/Cake/Core/App.php(931): call_user_func('ErrorHandler::h...', 1, 'Call to a membe...', '/Users/welander...', 62, Array)
#3 /Users/welander/Documents/WORKSPACES/UNI_WORK/Assignment3/lib/Cake/Core/App.php(904): App::_checkFatalError()
#4 [internal function]: App::shutdown()
#5 {main}
2014-10-23 22:43:18 Error: Fatal Error (1): Call to a member function find() on a non-object in [/Users/welander/Documents/WORKSPACES/UNI_WORK/Assignment3/app/Controller/ImagesController.php, line 63]
2014-10-23 22:43:18 Error: [FatalErrorException] Call to a member function find() on a non-object
Request URL: /images/add
Stack Trace:
#0 /Users/welander/Documents/WORKSPACES/UNI_WORK/Assignment3/lib/Cake/Error/ErrorHandler.php(203): ErrorHandler::handleFatalError(1, 'Call to a membe...', '/Users/welander...', 63)
#1 [internal function]: ErrorHandler::handleError(1, 'Call to a membe...', '/Users/welander...', 63, Array)
#2 /Users/welander/Documents/WORKSPACES/UNI_WORK/Assignment3/lib/Cake/Core/App.php(931): call_user_func('ErrorHandler::h...', 1, 'Call to a membe...', '/Users/welander...', 63, Array)
#3 /Users/welander/Documents/WORKSPACES/UNI_WORK/Assignment3/lib/Cake/Core/App.php(904): App::_checkFatalError()
#4 [internal function]: App::shutdown()
#5 {main}
2014-10-23 22:43:34 Error: Fatal Error (1): Call to a member function find() on a non-object in [/Users/welander/Documents/WORKSPACES/UNI_WORK/Assignment3/app/Controller/ImagesController.php, line 63]
2014-10-23 22:43:34 Error: [FatalErrorException] Call to a member function find() on a non-object
Request URL: /images/add
Stack Trace:
#0 /Users/welander/Documents/WORKSPACES/UNI_WORK/Assignment3/lib/Cake/Error/ErrorHandler.php(203): ErrorHandler::handleFatalError(1, 'Call to a membe...', '/Users/welander...', 63)
#1 [internal function]: ErrorHandler::handleError(1, 'Call to a membe...', '/Users/welander...', 63, Array)
#2 /Users/welander/Documents/WORKSPACES/UNI_WORK/Assignment3/lib/Cake/Core/App.php(931): call_user_func('ErrorHandler::h...', 1, 'Call to a membe...', '/Users/welander...', 63, Array)
#3 /Users/welander/Documents/WORKSPACES/UNI_WORK/Assignment3/lib/Cake/Core/App.php(904): App::_checkFatalError()
#4 [internal function]: App::shutdown()
#5 {main}
2014-10-23 22:46:17 Error: Fatal Error (1): Call to a member function find() on a non-object in [/Users/welander/Documents/WORKSPACES/UNI_WORK/Assignment3/app/Controller/ImagesController.php, line 63]
2014-10-23 22:46:17 Error: [FatalErrorException] Call to a member function find() on a non-object
Request URL: /images/add
Stack Trace:
#0 /Users/welander/Documents/WORKSPACES/UNI_WORK/Assignment3/lib/Cake/Error/ErrorHandler.php(203): ErrorHandler::handleFatalError(1, 'Call to a membe...', '/Users/welander...', 63)
#1 [internal function]: ErrorHandler::handleError(1, 'Call to a membe...', '/Users/welander...', 63, Array)
#2 /Users/welander/Documents/WORKSPACES/UNI_WORK/Assignment3/lib/Cake/Core/App.php(931): call_user_func('ErrorHandler::h...', 1, 'Call to a membe...', '/Users/welander...', 63, Array)
#3 /Users/welander/Documents/WORKSPACES/UNI_WORK/Assignment3/lib/Cake/Core/App.php(904): App::_checkFatalError()
#4 [internal function]: App::shutdown()
#5 {main}
2014-10-23 22:58:33 Error: [SocketException] php_network_getaddresses: getaddrinfo failed: nodename nor servname provided, or not known
Request URL: /images
Stack Trace:
#0 /Users/welander/Documents/WORKSPACES/UNI_WORK/Assignment3/lib/Cake/Network/CakeSocket.php(272): CakeSocket->connect()
#1 /Users/welander/Documents/WORKSPACES/UNI_WORK/Assignment3/lib/Cake/Network/Http/HttpSocket.php(374): CakeSocket->write('PURGE //celtest...')
#2 /Users/welander/Documents/WORKSPACES/UNI_WORK/Assignment3/app/Controller/ImagesController.php(46): HttpSocket->request(Array)
#3 /Users/welander/Documents/WORKSPACES/UNI_WORK/Assignment3/app/Controller/ImagesController.php(32): ImagesController->_executeRequest()
#4 [internal function]: ImagesController->index()
#5 /Users/welander/Documents/WORKSPACES/UNI_WORK/Assignment3/lib/Cake/Controller/Controller.php(490): ReflectionMethod->invokeArgs(Object(ImagesController), Array)
#6 /Users/welander/Documents/WORKSPACES/UNI_WORK/Assignment3/lib/Cake/Routing/Dispatcher.php(191): Controller->invokeAction(Object(CakeRequest))
#7 /Users/welander/Documents/WORKSPACES/UNI_WORK/Assignment3/lib/Cake/Routing/Dispatcher.php(165): Dispatcher->_invoke(Object(ImagesController), Object(CakeRequest))
#8 /Users/welander/Documents/WORKSPACES/UNI_WORK/Assignment3/app/webroot/index.php(108): Dispatcher->dispatch(Object(CakeRequest), Object(CakeResponse))
#9 {main}
2014-10-23 23:00:09 Error: Fatal Error (4): syntax error, unexpected '=>' (T_DOUBLE_ARROW) in [xdebug://debug-eval, line 1]
2014-10-23 23:00:09 Error: [FatalErrorException] syntax error, unexpected '=>' (T_DOUBLE_ARROW)
Request URL: /images
Stack Trace:
#0 /Users/welander/Documents/WORKSPACES/UNI_WORK/Assignment3/lib/Cake/Error/ErrorHandler.php(203): ErrorHandler::handleFatalError(4, 'syntax error, u...', 'xdebug://debug-...', 1)
#1 [internal function]: ErrorHandler::handleError(4, 'syntax error, u...', 'xdebug://debug-...', 1, Array)
#2 /Users/welander/Documents/WORKSPACES/UNI_WORK/Assignment3/lib/Cake/Core/App.php(931): call_user_func('ErrorHandler::h...', 4, 'syntax error, u...', 'xdebug://debug-...', 1, Array)
#3 /Users/welander/Documents/WORKSPACES/UNI_WORK/Assignment3/lib/Cake/Core/App.php(904): App::_checkFatalError()
#4 [internal function]: App::shutdown()
#5 {main}
2014-10-23 23:01:18 Error: Fatal Error (1): Call to undefined function decode_json() in [/Users/welander/Documents/WORKSPACES/UNI_WORK/Assignment3/app/Controller/ImagesController.php, line 51]
2014-10-23 23:01:18 Error: [FatalErrorException] Call to undefined function decode_json()
Request URL: /images
Stack Trace:
#0 /Users/welander/Documents/WORKSPACES/UNI_WORK/Assignment3/lib/Cake/Error/ErrorHandler.php(203): ErrorHandler::handleFatalError(1, 'Call to undefin...', '/Users/welander...', 51)
#1 [internal function]: ErrorHandler::handleError(1, 'Call to undefin...', '/Users/welander...', 51, Array)
#2 /Users/welander/Documents/WORKSPACES/UNI_WORK/Assignment3/lib/Cake/Core/App.php(931): call_user_func('ErrorHandler::h...', 1, 'Call to undefin...', '/Users/welander...', 51, Array)
#3 /Users/welander/Documents/WORKSPACES/UNI_WORK/Assignment3/lib/Cake/Core/App.php(904): App::_checkFatalError()
#4 [internal function]: App::shutdown()
#5 {main}
2014-10-23 23:22:54 Error: Fatal Error (1): Cannot use object of type stdClass as array in [/Users/welander/Documents/WORKSPACES/UNI_WORK/Assignment3/app/Controller/ImagesController.php, line 45]
2014-10-23 23:22:54 Error: [FatalErrorException] Cannot use object of type stdClass as array
Request URL: /images
Stack Trace:
#0 /Users/welander/Documents/WORKSPACES/UNI_WORK/Assignment3/lib/Cake/Error/ErrorHandler.php(203): ErrorHandler::handleFatalError(1, 'Cannot use obje...', '/Users/welander...', 45)
#1 [internal function]: ErrorHandler::handleError(1, 'Cannot use obje...', '/Users/welander...', 45, Array)
#2 /Users/welander/Documents/WORKSPACES/UNI_WORK/Assignment3/lib/Cake/Core/App.php(931): call_user_func('ErrorHandler::h...', 1, 'Cannot use obje...', '/Users/welander...', 45, Array)
#3 /Users/welander/Documents/WORKSPACES/UNI_WORK/Assignment3/lib/Cake/Core/App.php(904): App::_checkFatalError()
#4 [internal function]: App::shutdown()
#5 {main}
2014-10-23 23:23:48 Error: Fatal Error (1): Cannot use object of type stdClass as array in [/Users/welander/Documents/WORKSPACES/UNI_WORK/Assignment3/app/Controller/ImagesController.php, line 47]
2014-10-23 23:23:48 Error: [FatalErrorException] Cannot use object of type stdClass as array
Request URL: /images
Stack Trace:
#0 /Users/welander/Documents/WORKSPACES/UNI_WORK/Assignment3/lib/Cake/Error/ErrorHandler.php(203): ErrorHandler::handleFatalError(1, 'Cannot use obje...', '/Users/welander...', 47)
#1 [internal function]: ErrorHandler::handleError(1, 'Cannot use obje...', '/Users/welander...', 47, Array)
#2 /Users/welander/Documents/WORKSPACES/UNI_WORK/Assignment3/lib/Cake/Core/App.php(931): call_user_func('ErrorHandler::h...', 1, 'Cannot use obje...', '/Users/welander...', 47, Array)
#3 /Users/welander/Documents/WORKSPACES/UNI_WORK/Assignment3/lib/Cake/Core/App.php(904): App::_checkFatalError()
#4 [internal function]: App::shutdown()
#5 {main}
2014-10-23 23:24:09 Error: Fatal Error (1): Cannot use object of type stdClass as array in [/Users/welander/Documents/WORKSPACES/UNI_WORK/Assignment3/app/Controller/ImagesController.php, line 49]
2014-10-23 23:24:09 Error: [FatalErrorException] Cannot use object of type stdClass as array
Request URL: /images
Stack Trace:
#0 /Users/welander/Documents/WORKSPACES/UNI_WORK/Assignment3/lib/Cake/Error/ErrorHandler.php(203): ErrorHandler::handleFatalError(1, 'Cannot use obje...', '/Users/welander...', 49)
#1 [internal function]: ErrorHandler::handleError(1, 'Cannot use obje...', '/Users/welander...', 49, Array)
#2 /Users/welander/Documents/WORKSPACES/UNI_WORK/Assignment3/lib/Cake/Core/App.php(931): call_user_func('ErrorHandler::h...', 1, 'Cannot use obje...', '/Users/welander...', 49, Array)
#3 /Users/welander/Documents/WORKSPACES/UNI_WORK/Assignment3/lib/Cake/Core/App.php(904): App::_checkFatalError()
#4 [internal function]: App::shutdown()
#5 {main}
2014-10-23 23:24:51 Error: Fatal Error (1): Cannot use object of type stdClass as array in [xdebug://debug-eval, line 1]
2014-10-23 23:24:51 Error: [FatalErrorException] Cannot use object of type stdClass as array
Request URL: /images
Stack Trace:
#0 /Users/welander/Documents/WORKSPACES/UNI_WORK/Assignment3/lib/Cake/Error/ErrorHandler.php(203): ErrorHandler::handleFatalError(1, 'Cannot use obje...', 'xdebug://debug-...', 1)
#1 [internal function]: ErrorHandler::handleError(1, 'Cannot use obje...', 'xdebug://debug-...', 1, Array)
#2 /Users/welander/Documents/WORKSPACES/UNI_WORK/Assignment3/lib/Cake/Core/App.php(931): call_user_func('ErrorHandler::h...', 1, 'Cannot use obje...', 'xdebug://debug-...', 1, Array)
#3 /Users/welander/Documents/WORKSPACES/UNI_WORK/Assignment3/lib/Cake/Core/App.php(904): App::_checkFatalError()
#4 [internal function]: App::shutdown()
#5 {main}
2014-10-23 23:34:43 Error: [MissingControllerException] Controller class DisplayImagesController could not be found.
Exception Attributes: array (
  'class' => 'DisplayImagesController',
  'plugin' => NULL,
)
Request URL: /displayImages
Stack Trace:
#0 /Users/welander/Documents/WORKSPACES/UNI_WORK/Assignment3/app/webroot/index.php(108): Dispatcher->dispatch(Object(CakeRequest), Object(CakeResponse))
#1 {main}
2014-10-23 23:34:49 Error: [MissingActionException] Action ImagesController::displayImages() could not be found.
Exception Attributes: array (
  'controller' => 'ImagesController',
  'action' => 'displayImages',
)
Request URL: /images/displayImages
Stack Trace:
#0 /Users/welander/Documents/WORKSPACES/UNI_WORK/Assignment3/lib/Cake/Routing/Dispatcher.php(191): Controller->invokeAction(Object(CakeRequest))
#1 /Users/welander/Documents/WORKSPACES/UNI_WORK/Assignment3/lib/Cake/Routing/Dispatcher.php(165): Dispatcher->_invoke(Object(ImagesController), Object(CakeRequest))
#2 /Users/welander/Documents/WORKSPACES/UNI_WORK/Assignment3/app/webroot/index.php(108): Dispatcher->dispatch(Object(CakeRequest), Object(CakeResponse))
#3 {main}
2014-10-23 23:34:54 Error: [MissingActionException] Action ImagesController::display_iomages() could not be found.
Exception Attributes: array (
  'controller' => 'ImagesController',
  'action' => 'display_iomages',
)
Request URL: /images/display_iomages
Stack Trace:
#0 /Users/welander/Documents/WORKSPACES/UNI_WORK/Assignment3/lib/Cake/Routing/Dispatcher.php(191): Controller->invokeAction(Object(CakeRequest))
#1 /Users/welander/Documents/WORKSPACES/UNI_WORK/Assignment3/lib/Cake/Routing/Dispatcher.php(165): Dispatcher->_invoke(Object(ImagesController), Object(CakeRequest))
#2 /Users/welander/Documents/WORKSPACES/UNI_WORK/Assignment3/app/webroot/index.php(108): Dispatcher->dispatch(Object(CakeRequest), Object(CakeResponse))
#3 {main}
2014-10-23 23:34:57 Error: [MissingActionException] Action ImagesController::display_images() could not be found.
Exception Attributes: array (
  'controller' => 'ImagesController',
  'action' => 'display_images',
)
Request URL: /images/display_images
Stack Trace:
#0 /Users/welander/Documents/WORKSPACES/UNI_WORK/Assignment3/lib/Cake/Routing/Dispatcher.php(191): Controller->invokeAction(Object(CakeRequest))
#1 /Users/welander/Documents/WORKSPACES/UNI_WORK/Assignment3/lib/Cake/Routing/Dispatcher.php(165): Dispatcher->_invoke(Object(ImagesController), Object(CakeRequest))
#2 /Users/welander/Documents/WORKSPACES/UNI_WORK/Assignment3/app/webroot/index.php(108): Dispatcher->dispatch(Object(CakeRequest), Object(CakeResponse))
#3 {main}
2014-10-23 23:35:20 Error: [MissingActionException] Action ImagesController::display_iomages() could not be found.
Exception Attributes: array (
  'controller' => 'ImagesController',
  'action' => 'display_iomages',
)
Request URL: /images/display_iomages
Stack Trace:
#0 /Users/welander/Documents/WORKSPACES/UNI_WORK/Assignment3/lib/Cake/Routing/Dispatcher.php(191): Controller->invokeAction(Object(CakeRequest))
#1 /Users/welander/Documents/WORKSPACES/UNI_WORK/Assignment3/lib/Cake/Routing/Dispatcher.php(165): Dispatcher->_invoke(Object(ImagesController), Object(CakeRequest))
#2 /Users/welander/Documents/WORKSPACES/UNI_WORK/Assignment3/app/webroot/index.php(108): Dispatcher->dispatch(Object(CakeRequest), Object(CakeResponse))
#3 {main}
2014-10-23 23:59:18 Error: [MissingControllerException] Controller class PagesController could not be found.
Exception Attributes: array (
  'class' => 'PagesController',
  'plugin' => NULL,
)
Request URL: /
Stack Trace:
#0 /Users/welander/Documents/WORKSPACES/UNI_WORK/Assignment3/app/webroot/index.php(108): Dispatcher->dispatch(Object(CakeRequest), Object(CakeResponse))
#1 /Users/welander/Documents/WORKSPACES/UNI_WORK/Assignment3/index.php(41): require('/Users/welander...')
#2 {main}
2014-10-24 00:00:42 Error: [MissingControllerException] Controller class PagesController could not be found.
Exception Attributes: array (
  'class' => 'PagesController',
  'plugin' => NULL,
)
Request URL: /
Stack Trace:
#0 /Users/welander/Documents/WORKSPACES/UNI_WORK/Assignment3/app/webroot/index.php(108): Dispatcher->dispatch(Object(CakeRequest), Object(CakeResponse))
#1 /Users/welander/Documents/WORKSPACES/UNI_WORK/Assignment3/index.php(41): require('/Users/welander...')
#2 {main}
2014-10-24 00:05:08 Error: [MissingControllerException] Controller class PagesController could not be found.
Exception Attributes: array (
  'class' => 'PagesController',
  'plugin' => NULL,
)
Request URL: /
Stack Trace:
#0 /Users/welander/Documents/WORKSPACES/UNI_WORK/Assignment3/app/webroot/index.php(108): Dispatcher->dispatch(Object(CakeRequest), Object(CakeResponse))
#1 {main}
